<?xml version="1.0" encoding="UTF-8"?>
<robot generator="Robot 7.1.1 (Python 3.13.1 on darwin)" generated="2024-12-29T20:46:57.323023" rpa="false" schemaversion="5">
<suite id="s1" name="Tc04 Testcall Py" source="/Users/pichaya/Documents/GitHub/logic_sudoku/testcase/tc04_testcall_py.robot">
<test id="s1-t1" name="Call Python With Arguments" line="5">
<kw name="Run Process" owner="Process">
<msg time="2024-12-29T20:46:57.471827" level="INFO">Starting process:
python -u /Users/pichaya/Documents/GitHub/logic_sudoku/testcase/../keyword/common/calculator.py</msg>
<msg time="2024-12-29T20:46:57.474347" level="INFO">Waiting for process to complete.</msg>
<msg time="2024-12-29T20:46:57.485407" level="INFO">Process completed.</msg>
<msg time="2024-12-29T20:46:57.485604" level="INFO">${result} = &lt;result object with rc 0&gt;</msg>
<var>${result}</var>
<arg>python</arg>
<arg>-u</arg>
<arg>/Users/pichaya/Documents/GitHub/logic_sudoku/testcase/../keyword/common/calculator.py</arg>
<doc>Runs a process and waits for it to complete.</doc>
<status status="PASS" start="2024-12-29T20:46:57.471732" elapsed="0.013893"/>
</kw>
<kw name="Log To Console" owner="BuiltIn">
<arg>\n${result}</arg>
<doc>Logs the given message to the console.</doc>
<status status="PASS" start="2024-12-29T20:46:57.486331" elapsed="0.000152"/>
</kw>
<kw name="Log To Console" owner="BuiltIn">
<arg>\n${result.stdout}</arg>
<doc>Logs the given message to the console.</doc>
<status status="PASS" start="2024-12-29T20:46:57.486560" elapsed="0.000237"/>
</kw>
<kw name="Log To Console" owner="BuiltIn">
<arg>\n${result.stderr}</arg>
<doc>Logs the given message to the console.</doc>
<status status="PASS" start="2024-12-29T20:46:57.486867" elapsed="0.000148"/>
</kw>
<status status="PASS" start="2024-12-29T20:46:57.471483" elapsed="0.015624"/>
</test>
<status status="PASS" start="2024-12-29T20:46:57.323451" elapsed="0.164165"/>
</suite>
<statistics>
<total>
<stat pass="1" fail="0" skip="0">All Tests</stat>
</total>
<tag>
</tag>
<suite>
<stat pass="1" fail="0" skip="0" id="s1" name="Tc04 Testcall Py">Tc04 Testcall Py</stat>
</suite>
</statistics>
<errors>
</errors>
</robot>
