<?xml version="1.0" encoding="UTF-8"?>
<robot generator="Robot 7.1.1 (Python 3.13.1 on darwin)" generated="2025-01-01T21:58:44.420816" rpa="false" schemaversion="5">
<suite id="s1" name="Tc06 Database" source="/Users/pichaya/Documents/GitHub/logic_sudoku/testcase/tc06_database.robot">
<test id="s1-t1" name="Test Database Connection" line="12">
<kw name="Connect To Database" owner="DatabaseLibrary">
<msg time="2025-01-01T21:58:44.567183" level="INFO">Looking for configuration file: 'resources/db.cfg'</msg>
<msg time="2025-01-01T21:58:44.567200" level="INFO">Configuration file doesn't exist</msg>
<msg time="2025-01-01T21:58:44.567519" level="FAIL">ModuleNotFoundError: No module named 'localhost'</msg>
<arg>localhost</arg>
<arg>phpmyadmin</arg>
<arg>root</arg>
<arg>your_password</arg>
<arg>localhost</arg>
<arg>8080</arg>
<doc>Creates a database connection using the DB API 2.0 ``db_module`` and the parameters provided.
Along with listed commonly used arguments (`db_name`, `db_host` etc.)
you can set any other DB module specific parameters as key/value pairs.</doc>
<status status="FAIL" start="2025-01-01T21:58:44.567087" elapsed="0.000876">ModuleNotFoundError: No module named 'localhost'</status>
</kw>
<kw name="Execute Sql String" owner="DatabaseLibrary">
<var>${result}</var>
<arg>SELECT * FROM students</arg>
<doc>Executes the ``sql_string`` as a single SQL command.</doc>
<status status="NOT RUN" start="2025-01-01T21:58:44.568073" elapsed="0.000013"/>
</kw>
<kw name="Disconnect From Database" owner="DatabaseLibrary">
<doc>Disconnects from the database.</doc>
<status status="NOT RUN" start="2025-01-01T21:58:44.568441" elapsed="0.000010"/>
</kw>
<status status="FAIL" start="2025-01-01T21:58:44.566830" elapsed="0.001690">ModuleNotFoundError: No module named 'localhost'</status>
</test>
<status status="FAIL" start="2025-01-01T21:58:44.421571" elapsed="0.147098"/>
</suite>
<statistics>
<total>
<stat pass="0" fail="1" skip="0">All Tests</stat>
</total>
<tag>
</tag>
<suite>
<stat pass="0" fail="1" skip="0" id="s1" name="Tc06 Database">Tc06 Database</stat>
</suite>
</statistics>
<errors>
</errors>
</robot>
